{"C:\\Users\\Cis Magito\\Desktop\\MOES-Media\\MOES-Media\\expo-jest-test\\components\\index.ts": {"path":"C:\\Users\\Cis Magito\\Desktop\\MOES-Media\\MOES-Media\\expo-jest-test\\components\\index.ts","statementMap":{},"fnMap":{},"branchMap":{},"s":{},"f":{},"b":{},"_coverageSchema":"1a1c01bbd47fc00a2c39e90264f33305004495a9","hash":"fa179f8202e3de8c96c4e3cb110ca0b2ac9bf924"}
,"C:\\Users\\Cis Magito\\Desktop\\MOES-Media\\MOES-Media\\expo-jest-test\\components\\BoxWithIcon\\index.tsx": {"path":"C:\\Users\\Cis Magito\\Desktop\\MOES-Media\\MOES-Media\\expo-jest-test\\components\\BoxWithIcon\\index.tsx","statementMap":{"0":{"start":{"line":10,"column":42},"end":{"line":24,"column":1}},"1":{"start":{"line":11,"column":2},"end":{"line":23,"column":4}}},"fnMap":{"0":{"name":"(anonymous_0)","decl":{"start":{"line":10,"column":42},"end":{"line":10,"column":43}},"loc":{"start":{"line":10,"column":66},"end":{"line":24,"column":1}},"line":10}},"branchMap":{},"s":{"0":1,"1":0},"f":{"0":0},"b":{},"_coverageSchema":"1a1c01bbd47fc00a2c39e90264f33305004495a9","hash":"4356db322c320d926be46089774724dd2facdf02"}
,"C:\\Users\\Cis Magito\\Desktop\\MOES-Media\\MOES-Media\\expo-jest-test\\components\\SquareBox\\index.tsx": {"path":"C:\\Users\\Cis Magito\\Desktop\\MOES-Media\\MOES-Media\\expo-jest-test\\components\\SquareBox\\index.tsx","statementMap":{"0":{"start":{"line":10,"column":38},"end":{"line":17,"column":1}},"1":{"start":{"line":12,"column":2},"end":{"line":16,"column":4}}},"fnMap":{"0":{"name":"(anonymous_0)","decl":{"start":{"line":10,"column":38},"end":{"line":10,"column":39}},"loc":{"start":{"line":10,"column":56},"end":{"line":17,"column":1}},"line":10}},"branchMap":{},"s":{"0":2,"1":2},"f":{"0":2},"b":{},"_coverageSchema":"1a1c01bbd47fc00a2c39e90264f33305004495a9","hash":"690a83d63bf3059b5d17122473d6540fc896e5b7"}
}
